2019-08-24 15:42:35,695 [1] DEBUG Client - Korisnik ulogovan.
2019-08-24 15:44:40,274 [1] DEBUG Client - Korisnik ulogovan.
2019-08-30 22:12:48,983 [1] DEBUG Client - Korisnik ulogovan.
2019-08-30 22:49:13,070 [1] DEBUG Client - Korisnik ulogovan.
2019-08-30 22:49:25,168 [1] DEBUG Client - Korisnik ulogovan.
2019-08-30 23:31:09,146 [1] DEBUG Client - Korisnik ulogovan.
2019-08-31 14:03:15,632 [1] DEBUG Client - Korisnik ulogovan.
2019-08-31 14:31:58,557 [1] DEBUG Client - Korisnik ulogovan.
2019-08-31 14:32:27,548 [1] DEBUG Client - Korisnik odbacio svoje izmene.
2019-08-31 14:32:29,431 [1] DEBUG Client - Korisnik odbacio svoje izmene.
2019-08-31 14:35:20,302 [1] DEBUG Client - Korisnik ulogovan.
2019-08-31 14:36:51,566 [1] DEBUG Client - Korisnik ulogovan.
2019-08-31 14:36:58,169 [1] DEBUG Client - Korisnik osvezava prikaz tabele.
2019-08-31 14:37:02,216 [1] DEBUG Client - Korisnik duplira postojeci objekat.
2019-08-31 14:37:07,397 [1] DEBUG Client - Korisnik vrsi pretragu.
2019-09-01 15:45:25,691 [1] DEBUG Client - Network Error.
2019-09-01 15:46:20,689 [1] DEBUG Client - Korisnik ulogovan.
2019-09-01 15:46:35,745 [1] DEBUG Client - Korisnik duplira postojeci objekat.
2019-09-01 15:47:04,284 [1] DEBUG Client - Korisnik izmenio trenutni flowerplot.
2019-09-01 15:47:17,398 [1] DEBUG Client - Korisnik odbacio svoje izmene.
2019-09-01 15:47:31,462 [1] DEBUG Client - Korisnik odbacio svoje izmene.
2019-09-01 15:47:51,950 [1] DEBUG Client - Korisnik odbacio svoje izmene.
2019-09-01 15:51:49,939 [1] DEBUG Client - Korisnik ulogovan.
2019-09-01 15:52:07,434 [1] DEBUG Client - Korisnik osvezava prikaz tabele.
2019-09-01 15:52:11,763 [1] DEBUG Client - Korisnik duplira postojeci objekat.
2019-09-01 15:52:21,989 [1] DEBUG Client - Korisnik izmenio trenutni flowerplot.
2019-09-01 15:52:26,444 [1] DEBUG Client - Korisnik izmenio trenutni flowerplot.
2019-09-01 15:52:41,011 [1] DEBUG Client - Korisnik osvezava prikaz tabele.
2019-09-01 15:53:26,290 [1] DEBUG Client - Korisnik osvezava prikaz tabele.
2019-09-01 15:53:31,803 [1] DEBUG Client - Korisnik izmenio trenutni flowerplot.
2019-09-01 15:53:54,032 [1] DEBUG Client - Korisnik osvezava prikaz tabele.
2019-09-01 15:53:58,509 [1] DEBUG Client - Korisnik izmenio trenutni flowerplot.
2019-09-01 15:54:40,739 [1] DEBUG Client - Korisnik osvezava prikaz tabele.
2019-09-01 15:54:56,384 [1] DEBUG Client - Korisnik izmenio trenutni flowerplot.
2019-09-01 15:55:01,143 [1] DEBUG Client - Korisnik izmenio trenutni flowerplot.
2019-09-01 15:55:18,886 [1] DEBUG Client - Korisnik odbacio svoje izmene.
2019-09-01 15:55:22,751 [1] DEBUG Client - Korisnik odbacio svoje izmene.
2019-09-01 15:55:36,167 [1] DEBUG Client - Korisnik odbacio svoje izmene.
2019-09-01 15:56:22,203 [1] DEBUG Client - Korisnik odbacio svoje izmene.
2019-09-01 15:56:58,564 [1] DEBUG Client - Korisnik odbacio svoje izmene.
2019-09-01 15:59:50,568 [1] DEBUG Client - Korisnik ulogovan.
2019-09-01 15:59:56,991 [1] DEBUG Client - Korisnik izmenio trenutni flowerplot.
2019-09-01 15:59:59,740 [1] DEBUG Client - Korisnik izmenio trenutni flowerplot.
2019-09-01 16:00:02,943 [1] DEBUG Client - Korisnik izmenio trenutni flowerplot.
2019-09-01 16:00:04,608 [1] DEBUG Client - Korisnik osvezava prikaz tabele.
2019-09-01 16:00:52,744 [1] DEBUG Client - Korisnik izmenio trenutni flowerplot.
2019-09-01 16:01:05,482 [1] DEBUG Client - Korisnik izmenio trenutni flowerplot.
2019-09-01 16:01:12,086 [1] DEBUG Client - Korisnik odbacio trenutne izmene.
2019-09-01 16:01:31,384 [1] DEBUG Client - Korisnik izmenio trenutni flowerplot.
2019-09-01 16:05:43,595 [1] DEBUG Client - Korisnik ulogovan.
2019-09-01 16:06:35,311 [1] DEBUG Client - Korisnik osvezava prikaz tabele.
2019-09-01 16:08:34,247 [1] DEBUG Client - Korisnik osvezava prikaz tabele.
2019-09-01 16:09:07,745 [1] DEBUG Client - Korisnik izmenio trenutni flowerplot.
2019-09-01 16:13:25,722 [1] DEBUG Client - Korisnik ulogovan.
2019-09-01 16:13:44,151 [1] DEBUG Client - Korisnik osvezava prikaz tabele.
2019-09-01 16:14:33,706 [1] DEBUG Client - Korisnik izmenio trenutni flowerplot.
2019-09-01 16:14:50,312 [1] DEBUG Client - Korisnik osvezava prikaz tabele.
2019-09-01 16:14:59,405 [1] DEBUG Client - Korisnik izmenio trenutni flowerplot.
2019-09-01 16:16:42,358 [1] DEBUG Client - Korisnik osvezava prikaz tabele.
2019-09-01 16:17:36,133 [1] DEBUG Client - Korisnik izmenio trenutni flowerplot.
2019-09-01 16:25:29,247 [1] DEBUG Client - Korisnik ulogovan.
2019-09-01 16:25:42,885 [1] DEBUG Client - Korisnik izmenio trenutni flowerplot.
2019-09-01 16:25:50,684 [1] DEBUG Client - Korisnik izmenio trenutni flowerplot.
2019-09-01 16:26:10,291 [1] DEBUG Client - Korisnik izmenio trenutni flowerplot.
2019-09-01 16:26:11,280 [1] DEBUG Client - Korisnik osvezava prikaz tabele.
2019-09-01 16:26:52,367 [1] DEBUG Client - Korisnik odbacio svoje izmene.
2019-09-01 16:26:57,491 [1] DEBUG Client - Korisnik dodaje novi tip cveta.
2019-09-01 16:27:15,076 [1] DEBUG Client - Korisnik dodaje novi tip zemljista.
2019-09-01 16:27:24,004 [1] DEBUG Client - Korisnik dodao novi flowerplot.
2019-09-01 16:27:44,978 [1] DEBUG Client - Korisnik osvezava prikaz tabele.
2019-09-01 16:27:48,768 [1] DEBUG Client - Korisnik izmenio trenutni flowerplot.
2019-09-01 16:28:02,773 [1] DEBUG Client - Korisnik izmenio trenutni flowerplot.
2019-09-01 16:28:08,431 [1] DEBUG Client - Korisnik obrisao trenutni flowerplot.
2019-09-01 16:28:20,639 [1] DEBUG Client - Korisnik osvezava prikaz tabele.
2019-09-01 21:38:34,097 [1] DEBUG Client - Korisnik ulogovan.
2019-09-01 21:38:50,555 [1] DEBUG Client - Korisnik osvezava prikaz tabele.
2019-09-01 21:39:00,640 [1] DEBUG Client - Korisnik izmenio trenutni flowerplot.
2019-09-01 21:39:29,311 [1] DEBUG Client - Korisnik izmenio trenutni flowerplot.
2019-09-01 21:39:35,804 [1] DEBUG Client - Korisnik izmenio trenutni flowerplot.
2019-09-01 21:39:42,892 [1] DEBUG Client - Korisnik osvezava prikaz tabele.
2019-09-01 21:39:47,513 [1] DEBUG Client - Korisnik duplira postojeci objekat.
2019-09-01 22:10:09,772 [1] DEBUG Client - Korisnik ulogovan.
2019-09-02 21:21:42,923 [1] DEBUG Client - Network Error.
2019-09-02 21:22:23,342 [1] DEBUG Client - Korisnik ulogovan.
2019-09-02 21:22:31,102 [1] DEBUG Client - Korisnik izmenio trenutni flowerplot.
2019-09-02 21:22:35,666 [1] DEBUG Client - Korisnik izmenio trenutni flowerplot.
2019-09-02 21:22:40,421 [1] DEBUG Client - Korisnik izmenio trenutni flowerplot.
2019-09-02 21:22:44,032 [1] DEBUG Client - Korisnik izmenio trenutni flowerplot.
2019-09-03 16:03:08,789 [1] DEBUG Client - Korisnik ulogovan.
2019-09-03 16:06:59,119 [1] DEBUG Client - Korisnik ulogovan.
2019-09-03 16:20:14,753 [1] DEBUG Client - Korisnik ulogovan.
2019-09-03 16:20:37,560 [1] DEBUG Client - Korisnik odbacio svoje izmene.
2019-09-03 16:21:10,826 [1] DEBUG Client - Korisnik izmenio trenutni flowerplot.
2019-09-03 16:21:14,983 [1] DEBUG Client - Korisnik izmenio trenutni flowerplot.
2019-09-03 16:22:02,184 [1] DEBUG Client - Korisnik osvezava prikaz tabele.
2019-09-07 09:48:21,057 [1] DEBUG Client - Korisnik ulogovan.
2019-09-07 09:58:40,065 [1] DEBUG Client - Korisnik ulogovan.
2019-09-07 10:11:12,805 [1] DEBUG Client - Korisnik ulogovan.
2019-09-07 13:33:19,725 [1] DEBUG Client - Network Error.
2019-09-07 13:44:00,660 [1] DEBUG Client - Network Error.
2019-09-07 13:45:03,020 [1] DEBUG Client - Network Error.
2019-09-07 17:14:39,441 [1] DEBUG Client - Korisnik ulogovan.
2019-09-07 17:15:36,930 [1] DEBUG Client - Korisnik ulogovan.
2019-09-07 17:17:04,236 [1] DEBUG Client - Korisnik ulogovan.
2019-09-07 17:17:14,233 [1] DEBUG Client - Korisnik obrisao trenutni flowerplot.
2019-09-07 17:17:18,257 [1] DEBUG Client - Korisnik dodao novi flowerplot.
2019-09-07 17:20:16,171 [1] DEBUG Client - Korisnik ulogovan.
2019-09-07 17:20:20,860 [1] DEBUG Client - Korisnik obrisao trenutni flowerplot.
2019-09-07 17:20:22,553 [1] DEBUG Client - Korisnik dodao novi flowerplot.
2019-09-07 17:20:25,319 [1] DEBUG Client - Korisnik obrisao trenutni flowerplot.
2019-09-07 17:20:27,255 [1] DEBUG Client - Korisnik dodao novi flowerplot.
2019-09-07 17:20:39,129 [1] DEBUG Client - Korisnik obrisao trenutni flowerplot.
2019-09-07 17:20:41,565 [1] DEBUG Client - Korisnik dodao novi flowerplot.
2019-09-07 17:20:42,230 [1] DEBUG Client - Korisnik obrisao trenutni flowerplot.
2019-09-07 17:20:42,766 [1] DEBUG Client - Korisnik dodao novi flowerplot.
2019-09-07 17:20:43,183 [1] DEBUG Client - Korisnik obrisao trenutni flowerplot.
2019-09-07 17:20:43,593 [1] DEBUG Client - Korisnik dodao novi flowerplot.
2019-09-07 17:20:44,051 [1] DEBUG Client - Korisnik obrisao trenutni flowerplot.
2019-09-07 17:20:44,801 [1] DEBUG Client - Korisnik dodao novi flowerplot.
2019-09-07 17:20:47,488 [1] DEBUG Client - Korisnik obrisao trenutni flowerplot.
2019-09-07 17:20:50,034 [1] DEBUG Client - Korisnik obrisao trenutni flowerplot.
2019-09-07 17:20:55,776 [1] DEBUG Client - Korisnik dodao novi flowerplot.
2019-09-07 17:20:57,417 [1] DEBUG Client - Korisnik obrisao trenutni flowerplot.
2019-09-07 17:20:58,298 [1] DEBUG Client - Korisnik dodao novi flowerplot.
2019-09-07 17:21:01,581 [1] DEBUG Client - Korisnik obrisao trenutni flowerplot.
2019-09-07 17:21:02,801 [1] DEBUG Client - Korisnik dodao novi flowerplot.
2019-09-07 17:21:06,804 [1] DEBUG Client - Korisnik obrisao trenutni flowerplot.
2019-09-07 17:21:09,178 [1] DEBUG Client - Korisnik obrisao trenutni flowerplot.
2019-09-07 17:21:12,206 [1] DEBUG Client - Korisnik dodao novi flowerplot.
2019-09-07 17:21:19,048 [1] DEBUG Client - Korisnik obrisao trenutni flowerplot.
2019-09-07 17:21:19,983 [1] DEBUG Client - Korisnik dodao novi flowerplot.
2019-09-07 17:21:22,319 [1] DEBUG Client - Korisnik obrisao trenutni flowerplot.
2019-09-07 17:21:25,402 [1] DEBUG Client - Korisnik obrisao trenutni flowerplot.
2019-09-07 17:21:28,468 [1] DEBUG Client - Korisnik dodao novi flowerplot.
2019-09-07 17:22:09,690 [1] DEBUG Client - Korisnik ulogovan.
2019-09-07 17:22:14,721 [1] DEBUG Client - Korisnik obrisao trenutni flowerplot.
2019-09-07 17:22:15,455 [1] DEBUG Client - Korisnik dodao novi flowerplot.
2019-09-07 17:22:16,790 [1] DEBUG Client - Korisnik obrisao trenutni flowerplot.
2019-09-07 17:22:17,363 [1] DEBUG Client - Korisnik dodao novi flowerplot.
2019-09-07 17:22:17,792 [1] DEBUG Client - Korisnik obrisao trenutni flowerplot.
2019-09-07 17:22:18,150 [1] DEBUG Client - Korisnik dodao novi flowerplot.
2019-09-07 17:22:21,043 [1] DEBUG Client - Korisnik obrisao trenutni flowerplot.
2019-09-07 17:22:22,415 [1] DEBUG Client - Korisnik dodao novi flowerplot.
2019-09-07 17:22:23,219 [1] DEBUG Client - Korisnik obrisao trenutni flowerplot.
2019-09-07 17:22:23,684 [1] DEBUG Client - Korisnik dodao novi flowerplot.
2019-09-07 17:22:24,570 [1] DEBUG Client - Korisnik obrisao trenutni flowerplot.
2019-09-07 17:22:24,956 [1] DEBUG Client - Korisnik dodao novi flowerplot.
2019-09-07 17:22:26,646 [1] DEBUG Client - Korisnik se odjavio.
2019-09-07 18:17:24,191 [1] DEBUG Client - Korisnik ulogovan.
2019-09-07 18:17:30,862 [1] DEBUG Client - Korisnik obrisao trenutni flowerplot.
2019-09-07 18:17:31,814 [1] DEBUG Client - Korisnik dodao novi flowerplot.
2019-09-07 18:17:33,907 [1] DEBUG Client - Korisnik obrisao trenutni flowerplot.
2019-09-07 18:17:34,769 [1] DEBUG Client - Korisnik dodao novi flowerplot.
2019-09-07 18:44:20,224 [1] DEBUG Client - Korisnik ulogovan.
2019-09-08 23:51:26,775 [1] DEBUG Client - Korisnik ulogovan.
2019-09-08 23:51:52,257 [1] DEBUG Client - Korisnik duplira postojeci objekat.
2019-09-08 23:51:59,271 [1] DEBUG Client - Korisnik izmenio trenutni flowerplot.
2019-09-08 23:52:07,795 [1] DEBUG Client - Korisnik izmenio trenutni flowerplot.
2019-09-08 23:52:32,202 [1] DEBUG Client - Korisnik odbacio svoje izmene.
2019-09-08 23:52:36,331 [1] DEBUG Client - Korisnik izmenio trenutni flowerplot.
2019-09-08 23:52:56,829 [1] DEBUG Client - Korisnik izmenio trenutni flowerplot.
2019-09-08 23:53:09,444 [1] DEBUG Client - Korisnik osvezava prikaz tabele.
2019-09-08 23:53:32,055 [1] DEBUG Client - Korisnik izmenio trenutni flowerplot.
2019-09-08 23:53:36,246 [1] DEBUG Client - Korisnik izmenio trenutni flowerplot.
2019-09-08 23:53:45,151 [1] DEBUG Client - Korisnik osvezava prikaz tabele.
2019-09-08 23:53:50,021 [1] DEBUG Client - Korisnik vrsi pretragu.
2019-09-08 23:53:57,108 [1] DEBUG Client - Korisnik izmenio korisnika.
2019-09-08 23:54:06,376 [1] DEBUG Client - Korisnik izmenio korisnika.
2019-09-08 23:54:24,849 [1] DEBUG Client - Korisnik osvezava prikaz tabele.
2019-09-08 23:55:01,539 [1] DEBUG Client - Korisnik obrisao korisnika.
2019-09-09 11:50:26,922 [1] DEBUG Client - Korisnik ulogovan.
2019-09-09 11:51:27,796 [1] DEBUG Client - Korisnik dodao novog korisnika.
2019-09-09 11:51:54,859 [1] DEBUG Client - Korisnik osvezava prikaz tabele.
2019-09-09 11:52:12,941 [1] DEBUG Client - Korisnik obrisao trenutni flowerplot.
2019-09-09 11:52:14,163 [1] DEBUG Client - Korisnik dodao novi flowerplot.
2019-09-09 11:52:27,578 [1] DEBUG Client - Korisnik izmenio trenutni flowerplot.
2019-09-09 11:52:29,712 [1] DEBUG Client - Korisnik osvezava prikaz tabele.
2019-09-09 11:52:37,410 [1] DEBUG Client - Korisnik vrsi pretragu.
2019-09-09 11:52:42,001 [1] DEBUG Client - Korisnik vrsi pretragu.
2019-09-09 11:52:42,885 [1] DEBUG Client - Korisnik osvezava prikaz tabele.
2019-09-09 11:52:47,287 [1] DEBUG Client - Korisnik dodaje novi tip cveta.
2019-09-09 11:53:02,175 [1] DEBUG Client - Korisnik dodaje novi tip zemljista.
2019-09-09 11:55:15,057 [1] DEBUG Client - Korisnik ulogovan.
2019-09-15 21:03:58,847 [1] DEBUG Client - Korisnik ulogovan.
2019-09-15 21:04:50,124 [1] DEBUG Client - Korisnik duplira postojeci objekat.
2019-09-15 21:04:53,657 [1] DEBUG Client - Korisnik obrisao trenutni flowerplot.
2019-09-15 21:04:54,338 [1] DEBUG Client - Korisnik dodao novi flowerplot.
2019-09-15 21:04:56,983 [1] DEBUG Client - Korisnik obrisao trenutni flowerplot.
2019-09-15 21:04:58,500 [1] DEBUG Client - Korisnik dodao novi flowerplot.
2019-09-15 21:04:59,254 [1] DEBUG Client - Korisnik obrisao trenutni flowerplot.
2019-09-15 21:04:59,953 [1] DEBUG Client - Korisnik dodao novi flowerplot.
2019-09-15 21:05:23,858 [1] DEBUG Client - Korisnik dodao novi flowerplot.
2019-09-16 15:09:50,836 [1] DEBUG Client - Korisnik ulogovan.
2019-09-16 15:10:46,812 [1] DEBUG Client - Korisnik obrisao trenutni flowerplot.
2019-09-16 15:10:48,557 [1] DEBUG Client - Korisnik obrisao trenutni flowerplot.
2019-09-16 15:10:49,938 [1] DEBUG Client - Korisnik osvezava prikaz tabele.
2019-09-16 15:11:17,485 [1] DEBUG Client - Korisnik izmenio trenutni flowerplot.
2020-05-23 11:26:40,994 [1] DEBUG Client - Network error: System.ServiceModel.EndpointNotFoundException: Could not connect to net.tcp://localhost:4000/IUserDatabase. The connection attempt lasted for a time span of 00:00:04.2214349. TCP error code 10061: No connection could be made because the target machine actively refused it 127.0.0.1:4000.  ---> System.Net.Sockets.SocketException: No connection could be made because the target machine actively refused it 127.0.0.1:4000
   at System.Net.Sockets.Socket.DoConnect(EndPoint endPointSnapshot, SocketAddress socketAddress)
   at System.Net.Sockets.Socket.Connect(EndPoint remoteEP)
   at System.ServiceModel.Channels.SocketConnectionInitiator.Connect(Uri uri, TimeSpan timeout)
   --- End of inner exception stack trace ---

Server stack trace: 
   at System.ServiceModel.Channels.SocketConnectionInitiator.Connect(Uri uri, TimeSpan timeout)
   at System.ServiceModel.Channels.BufferedConnectionInitiator.Connect(Uri uri, TimeSpan timeout)
   at System.ServiceModel.Channels.ConnectionPoolHelper.EstablishConnection(TimeSpan timeout)
   at System.ServiceModel.Channels.ClientFramingDuplexSessionChannel.OnOpen(TimeSpan timeout)
   at System.ServiceModel.Channels.CommunicationObject.Open(TimeSpan timeout)
   at System.ServiceModel.Channels.ServiceChannel.OnOpen(TimeSpan timeout)
   at System.ServiceModel.Channels.CommunicationObject.Open(TimeSpan timeout)
   at System.ServiceModel.Channels.ServiceChannel.CallOpenOnce.System.ServiceModel.Channels.ServiceChannel.ICallOnce.Call(ServiceChannel channel, TimeSpan timeout)
   at System.ServiceModel.Channels.ServiceChannel.CallOnceManager.CallOnce(TimeSpan timeout, CallOnceManager cascade)
   at System.ServiceModel.Channels.ServiceChannel.Call(String action, Boolean oneway, ProxyOperationRuntime operation, Object[] ins, Object[] outs, TimeSpan timeout)
   at System.ServiceModel.Channels.ServiceChannelProxy.InvokeService(IMethodCallMessage methodCall, ProxyOperationRuntime operation)
   at System.ServiceModel.Channels.ServiceChannelProxy.Invoke(IMessage message)

Exception rethrown at [0]: 
   at System.Runtime.Remoting.Proxies.RealProxy.HandleReturnMessage(IMessage reqMsg, IMessage retMsg)
   at System.Runtime.Remoting.Proxies.RealProxy.PrivateInvoke(MessageData& msgData, Int32 type)
   at Common.IUserDatabase.Authenticate(String username, String password)
   at Client.ViewModel.LoginViewModel.Login() in C:\Users\bilja\OneDrive\Documents\projekti\RvaFlowerPlot\RvaFlowerPlot\RvaFlowerPlot\Client\ViewModel\LoginViewModel.cs:line 55
2020-05-23 11:29:21,265 [1] DEBUG Client - Korisnik ulogovan.
2020-05-23 11:29:26,195 [1] DEBUG Client - Korisnik se odjavio.
2020-05-23 11:29:31,229 [1] DEBUG Client - Korisnik ulogovan.
2020-05-23 11:29:36,726 [1] DEBUG Client - Korisnik osvezava prikaz tabele.
2020-05-23 11:29:42,262 [1] DEBUG Client - Korisnik vrsi pretragu.
2020-05-23 11:41:59,978 [1] DEBUG Client - Korisnik ulogovan.
